<?xml version="1.0" encoding="UTF-8"?>
<!-- Generated by org.testng.reporters.JUnitXMLReporter -->
<testsuite ignored="0" hostname="WIN-FNF9AQIK9ER" failures="0" tests="7" name="Surefire test" time="6.268" errors="0" timestamp="2022-06-20T15:11:45 MSK">
  <testcase classname="core.Settings" name="@BeforeMethod goToMainPage" time="1.446">
    <failure type="io.github.bonigarcia.wdm.config.WebDriverManagerException" message="io.github.bonigarcia.wdm.config.WebDriverManagerException: Error HTTP 403 executing https://api.github.com/repos/mozilla/geckodriver/releases">
      <![CDATA[io.github.bonigarcia.wdm.config.WebDriverManagerException: io.github.bonigarcia.wdm.config.WebDriverManagerException: Error HTTP 403 executing https://api.github.com/repos/mozilla/geckodriver/releases
at io.github.bonigarcia.wdm.WebDriverManager.handleException(WebDriverManager.java:1140)
at io.github.bonigarcia.wdm.WebDriverManager.manage(WebDriverManager.java:933)
at io.github.bonigarcia.wdm.WebDriverManager.fallback(WebDriverManager.java:1156)
at io.github.bonigarcia.wdm.WebDriverManager.handleException(WebDriverManager.java:1133)
at io.github.bonigarcia.wdm.WebDriverManager.manage(WebDriverManager.java:933)
at io.github.bonigarcia.wdm.WebDriverManager.setup(WebDriverManager.java:337)
at com.codeborne.selenide.webdriver.FirefoxDriverFactory.setupWebdriverBinary(FirefoxDriverFactory.java:37)
at com.codeborne.selenide.webdriver.WebDriverFactory.createWebDriverInstance(WebDriverFactory.java:109)
at com.codeborne.selenide.webdriver.WebDriverFactory.createWebDriver(WebDriverFactory.java:72)
at com.codeborne.selenide.drivercommands.CreateDriverCommand.createDriver(CreateDriverCommand.java:69)
at com.codeborne.selenide.impl.WebDriverThreadLocalContainer.createDriver(WebDriverThreadLocalContainer.java:153)
at com.codeborne.selenide.impl.WebDriverThreadLocalContainer.getAndCheckWebDriver(WebDriverThreadLocalContainer.java:139)
at com.codeborne.selenide.WebDriverRunner.getAndCheckWebDriver(WebDriverRunner.java:105)
at com.codeborne.selenide.impl.StaticDriver.getAndCheckWebDriver(StaticDriver.java:65)
at com.codeborne.selenide.SelenideDriver.getAndCheckWebDriver(SelenideDriver.java:192)
at com.codeborne.selenide.drivercommands.Navigator.lambda$navigateTo$0(Navigator.java:68)
at com.codeborne.selenide.logevents.SelenideLogger.run(SelenideLogger.java:152)
at com.codeborne.selenide.drivercommands.Navigator.navigateTo(Navigator.java:66)
at com.codeborne.selenide.drivercommands.Navigator.open(Navigator.java:30)
at com.codeborne.selenide.SelenideDriver.open(SelenideDriver.java:87)
at com.codeborne.selenide.Selenide.open(Selenide.java:51)
at core.Settings.goToMainPage(Settings.java:24)
at java.base/java.util.ArrayList.forEach(ArrayList.java:1541)
Caused by: io.github.bonigarcia.wdm.config.WebDriverManagerException: Error HTTP 403 executing https://api.github.com/repos/mozilla/geckodriver/releases
at io.github.bonigarcia.wdm.online.HttpClient.execute(HttpClient.java:172)
at io.github.bonigarcia.wdm.WebDriverManager.openGitHubConnection(WebDriverManager.java:1316)
at io.github.bonigarcia.wdm.WebDriverManager.getDriversFromGitHub(WebDriverManager.java:1330)
at io.github.bonigarcia.wdm.managers.FirefoxDriverManager.getDriverUrls(FirefoxDriverManager.java:95)
at io.github.bonigarcia.wdm.WebDriverManager.createUrlHandler(WebDriverManager.java:1161)
at io.github.bonigarcia.wdm.WebDriverManager.download(WebDriverManager.java:1009)
at io.github.bonigarcia.wdm.WebDriverManager.manage(WebDriverManager.java:927)
... 57 more
... Removed 36 stack frames]]>
    </failure>
  </testcase> <!-- @BeforeMethod goToMainPage -->
  <testcase classname="tests.SmallLoanCalculatorTest" name="@BeforeMethod goSmallLoanPage" time="-1.655727101066E9">
    <skipped/>
  </testcase> <!-- @BeforeMethod goSmallLoanPage -->
  <testcase classname="core.Settings" name="@AfterMethod screenshot" time="0.0">
    <failure type="java.lang.IllegalStateException" message="No webdriver is bound to current thread: 1. You need to call open(url) first.">
      <![CDATA[java.lang.IllegalStateException: No webdriver is bound to current thread: 1. You need to call open(url) first.
at com.codeborne.selenide.impl.WebDriverThreadLocalContainer.getWebDriver(WebDriverThreadLocalContainer.java:121)
at com.codeborne.selenide.WebDriverRunner.getWebDriver(WebDriverRunner.java:87)
at core.Settings.screenshot(Settings.java:36)
at java.base/java.util.ArrayList.forEach(ArrayList.java:1541)
... Removed 37 stack frames]]>
    </failure>
  </testcase> <!-- @AfterMethod screenshot -->
  <testcase classname="core.Settings" name="@BeforeMethod goToMainPage" time="0.745">
    <failure type="io.github.bonigarcia.wdm.config.WebDriverManagerException" message="io.github.bonigarcia.wdm.config.WebDriverManagerException: Error HTTP 403 executing https://api.github.com/repos/mozilla/geckodriver/releases">
      <![CDATA[io.github.bonigarcia.wdm.config.WebDriverManagerException: io.github.bonigarcia.wdm.config.WebDriverManagerException: Error HTTP 403 executing https://api.github.com/repos/mozilla/geckodriver/releases
at io.github.bonigarcia.wdm.WebDriverManager.handleException(WebDriverManager.java:1140)
at io.github.bonigarcia.wdm.WebDriverManager.manage(WebDriverManager.java:933)
at io.github.bonigarcia.wdm.WebDriverManager.fallback(WebDriverManager.java:1156)
at io.github.bonigarcia.wdm.WebDriverManager.handleException(WebDriverManager.java:1133)
at io.github.bonigarcia.wdm.WebDriverManager.manage(WebDriverManager.java:933)
at io.github.bonigarcia.wdm.WebDriverManager.setup(WebDriverManager.java:337)
at com.codeborne.selenide.webdriver.FirefoxDriverFactory.setupWebdriverBinary(FirefoxDriverFactory.java:37)
at com.codeborne.selenide.webdriver.WebDriverFactory.createWebDriverInstance(WebDriverFactory.java:109)
at com.codeborne.selenide.webdriver.WebDriverFactory.createWebDriver(WebDriverFactory.java:72)
at com.codeborne.selenide.drivercommands.CreateDriverCommand.createDriver(CreateDriverCommand.java:69)
at com.codeborne.selenide.impl.WebDriverThreadLocalContainer.createDriver(WebDriverThreadLocalContainer.java:153)
at com.codeborne.selenide.impl.WebDriverThreadLocalContainer.getAndCheckWebDriver(WebDriverThreadLocalContainer.java:139)
at com.codeborne.selenide.WebDriverRunner.getAndCheckWebDriver(WebDriverRunner.java:105)
at com.codeborne.selenide.impl.StaticDriver.getAndCheckWebDriver(StaticDriver.java:65)
at com.codeborne.selenide.SelenideDriver.getAndCheckWebDriver(SelenideDriver.java:192)
at com.codeborne.selenide.drivercommands.Navigator.lambda$navigateTo$0(Navigator.java:68)
at com.codeborne.selenide.logevents.SelenideLogger.run(SelenideLogger.java:152)
at com.codeborne.selenide.drivercommands.Navigator.navigateTo(Navigator.java:66)
at com.codeborne.selenide.drivercommands.Navigator.open(Navigator.java:30)
at com.codeborne.selenide.SelenideDriver.open(SelenideDriver.java:87)
at com.codeborne.selenide.Selenide.open(Selenide.java:51)
at core.Settings.goToMainPage(Settings.java:24)
at java.base/java.util.ArrayList.forEach(ArrayList.java:1541)
Caused by: io.github.bonigarcia.wdm.config.WebDriverManagerException: Error HTTP 403 executing https://api.github.com/repos/mozilla/geckodriver/releases
at io.github.bonigarcia.wdm.online.HttpClient.execute(HttpClient.java:172)
at io.github.bonigarcia.wdm.WebDriverManager.openGitHubConnection(WebDriverManager.java:1316)
at io.github.bonigarcia.wdm.WebDriverManager.getDriversFromGitHub(WebDriverManager.java:1330)
at io.github.bonigarcia.wdm.managers.FirefoxDriverManager.getDriverUrls(FirefoxDriverManager.java:95)
at io.github.bonigarcia.wdm.WebDriverManager.createUrlHandler(WebDriverManager.java:1161)
at io.github.bonigarcia.wdm.WebDriverManager.download(WebDriverManager.java:1009)
at io.github.bonigarcia.wdm.WebDriverManager.manage(WebDriverManager.java:927)
... 57 more
... Removed 36 stack frames]]>
    </failure>
  </testcase> <!-- @BeforeMethod goToMainPage -->
  <testcase classname="tests.SmallLoanCalculatorTest" name="@BeforeMethod goSmallLoanPage" time="-1.655727101826E9">
    <skipped/>
  </testcase> <!-- @BeforeMethod goSmallLoanPage -->
  <testcase classname="core.Settings" name="@AfterMethod screenshot" time="0.0">
    <failure type="java.lang.IllegalStateException" message="No webdriver is bound to current thread: 1. You need to call open(url) first.">
      <![CDATA[java.lang.IllegalStateException: No webdriver is bound to current thread: 1. You need to call open(url) first.
at com.codeborne.selenide.impl.WebDriverThreadLocalContainer.getWebDriver(WebDriverThreadLocalContainer.java:121)
at com.codeborne.selenide.WebDriverRunner.getWebDriver(WebDriverRunner.java:87)
at core.Settings.screenshot(Settings.java:36)
at java.base/java.util.ArrayList.forEach(ArrayList.java:1541)
... Removed 37 stack frames]]>
    </failure>
  </testcase> <!-- @AfterMethod screenshot -->
  <testcase classname="core.Settings" name="@BeforeMethod goToMainPage" time="0.719">
    <failure type="io.github.bonigarcia.wdm.config.WebDriverManagerException" message="io.github.bonigarcia.wdm.config.WebDriverManagerException: Error HTTP 403 executing https://api.github.com/repos/mozilla/geckodriver/releases">
      <![CDATA[io.github.bonigarcia.wdm.config.WebDriverManagerException: io.github.bonigarcia.wdm.config.WebDriverManagerException: Error HTTP 403 executing https://api.github.com/repos/mozilla/geckodriver/releases
at io.github.bonigarcia.wdm.WebDriverManager.handleException(WebDriverManager.java:1140)
at io.github.bonigarcia.wdm.WebDriverManager.manage(WebDriverManager.java:933)
at io.github.bonigarcia.wdm.WebDriverManager.fallback(WebDriverManager.java:1156)
at io.github.bonigarcia.wdm.WebDriverManager.handleException(WebDriverManager.java:1133)
at io.github.bonigarcia.wdm.WebDriverManager.manage(WebDriverManager.java:933)
at io.github.bonigarcia.wdm.WebDriverManager.setup(WebDriverManager.java:337)
at com.codeborne.selenide.webdriver.FirefoxDriverFactory.setupWebdriverBinary(FirefoxDriverFactory.java:37)
at com.codeborne.selenide.webdriver.WebDriverFactory.createWebDriverInstance(WebDriverFactory.java:109)
at com.codeborne.selenide.webdriver.WebDriverFactory.createWebDriver(WebDriverFactory.java:72)
at com.codeborne.selenide.drivercommands.CreateDriverCommand.createDriver(CreateDriverCommand.java:69)
at com.codeborne.selenide.impl.WebDriverThreadLocalContainer.createDriver(WebDriverThreadLocalContainer.java:153)
at com.codeborne.selenide.impl.WebDriverThreadLocalContainer.getAndCheckWebDriver(WebDriverThreadLocalContainer.java:139)
at com.codeborne.selenide.WebDriverRunner.getAndCheckWebDriver(WebDriverRunner.java:105)
at com.codeborne.selenide.impl.StaticDriver.getAndCheckWebDriver(StaticDriver.java:65)
at com.codeborne.selenide.SelenideDriver.getAndCheckWebDriver(SelenideDriver.java:192)
at com.codeborne.selenide.drivercommands.Navigator.lambda$navigateTo$0(Navigator.java:68)
at com.codeborne.selenide.logevents.SelenideLogger.run(SelenideLogger.java:152)
at com.codeborne.selenide.drivercommands.Navigator.navigateTo(Navigator.java:66)
at com.codeborne.selenide.drivercommands.Navigator.open(Navigator.java:30)
at com.codeborne.selenide.SelenideDriver.open(SelenideDriver.java:87)
at com.codeborne.selenide.Selenide.open(Selenide.java:51)
at core.Settings.goToMainPage(Settings.java:24)
at java.base/java.util.ArrayList.forEach(ArrayList.java:1541)
Caused by: io.github.bonigarcia.wdm.config.WebDriverManagerException: Error HTTP 403 executing https://api.github.com/repos/mozilla/geckodriver/releases
at io.github.bonigarcia.wdm.online.HttpClient.execute(HttpClient.java:172)
at io.github.bonigarcia.wdm.WebDriverManager.openGitHubConnection(WebDriverManager.java:1316)
at io.github.bonigarcia.wdm.WebDriverManager.getDriversFromGitHub(WebDriverManager.java:1330)
at io.github.bonigarcia.wdm.managers.FirefoxDriverManager.getDriverUrls(FirefoxDriverManager.java:95)
at io.github.bonigarcia.wdm.WebDriverManager.createUrlHandler(WebDriverManager.java:1161)
at io.github.bonigarcia.wdm.WebDriverManager.download(WebDriverManager.java:1009)
at io.github.bonigarcia.wdm.WebDriverManager.manage(WebDriverManager.java:927)
... 57 more
... Removed 36 stack frames]]>
    </failure>
  </testcase> <!-- @BeforeMethod goToMainPage -->
  <testcase classname="tests.SmallLoanCalculatorTest" name="@BeforeMethod goSmallLoanPage" time="-1.655727102576E9">
    <skipped/>
  </testcase> <!-- @BeforeMethod goSmallLoanPage -->
  <testcase classname="core.Settings" name="@AfterMethod screenshot" time="0.0">
    <failure type="java.lang.IllegalStateException" message="No webdriver is bound to current thread: 1. You need to call open(url) first.">
      <![CDATA[java.lang.IllegalStateException: No webdriver is bound to current thread: 1. You need to call open(url) first.
at com.codeborne.selenide.impl.WebDriverThreadLocalContainer.getWebDriver(WebDriverThreadLocalContainer.java:121)
at com.codeborne.selenide.WebDriverRunner.getWebDriver(WebDriverRunner.java:87)
at core.Settings.screenshot(Settings.java:36)
at java.base/java.util.ArrayList.forEach(ArrayList.java:1541)
... Removed 37 stack frames]]>
    </failure>
  </testcase> <!-- @AfterMethod screenshot -->
  <testcase classname="core.Settings" name="@BeforeMethod goToMainPage" time="0.759">
    <failure type="io.github.bonigarcia.wdm.config.WebDriverManagerException" message="io.github.bonigarcia.wdm.config.WebDriverManagerException: Error HTTP 403 executing https://api.github.com/repos/mozilla/geckodriver/releases">
      <![CDATA[io.github.bonigarcia.wdm.config.WebDriverManagerException: io.github.bonigarcia.wdm.config.WebDriverManagerException: Error HTTP 403 executing https://api.github.com/repos/mozilla/geckodriver/releases
at io.github.bonigarcia.wdm.WebDriverManager.handleException(WebDriverManager.java:1140)
at io.github.bonigarcia.wdm.WebDriverManager.manage(WebDriverManager.java:933)
at io.github.bonigarcia.wdm.WebDriverManager.fallback(WebDriverManager.java:1156)
at io.github.bonigarcia.wdm.WebDriverManager.handleException(WebDriverManager.java:1133)
at io.github.bonigarcia.wdm.WebDriverManager.manage(WebDriverManager.java:933)
at io.github.bonigarcia.wdm.WebDriverManager.setup(WebDriverManager.java:337)
at com.codeborne.selenide.webdriver.FirefoxDriverFactory.setupWebdriverBinary(FirefoxDriverFactory.java:37)
at com.codeborne.selenide.webdriver.WebDriverFactory.createWebDriverInstance(WebDriverFactory.java:109)
at com.codeborne.selenide.webdriver.WebDriverFactory.createWebDriver(WebDriverFactory.java:72)
at com.codeborne.selenide.drivercommands.CreateDriverCommand.createDriver(CreateDriverCommand.java:69)
at com.codeborne.selenide.impl.WebDriverThreadLocalContainer.createDriver(WebDriverThreadLocalContainer.java:153)
at com.codeborne.selenide.impl.WebDriverThreadLocalContainer.getAndCheckWebDriver(WebDriverThreadLocalContainer.java:139)
at com.codeborne.selenide.WebDriverRunner.getAndCheckWebDriver(WebDriverRunner.java:105)
at com.codeborne.selenide.impl.StaticDriver.getAndCheckWebDriver(StaticDriver.java:65)
at com.codeborne.selenide.SelenideDriver.getAndCheckWebDriver(SelenideDriver.java:192)
at com.codeborne.selenide.drivercommands.Navigator.lambda$navigateTo$0(Navigator.java:68)
at com.codeborne.selenide.logevents.SelenideLogger.run(SelenideLogger.java:152)
at com.codeborne.selenide.drivercommands.Navigator.navigateTo(Navigator.java:66)
at com.codeborne.selenide.drivercommands.Navigator.open(Navigator.java:30)
at com.codeborne.selenide.SelenideDriver.open(SelenideDriver.java:87)
at com.codeborne.selenide.Selenide.open(Selenide.java:51)
at core.Settings.goToMainPage(Settings.java:24)
at java.base/java.util.ArrayList.forEach(ArrayList.java:1541)
Caused by: io.github.bonigarcia.wdm.config.WebDriverManagerException: Error HTTP 403 executing https://api.github.com/repos/mozilla/geckodriver/releases
at io.github.bonigarcia.wdm.online.HttpClient.execute(HttpClient.java:172)
at io.github.bonigarcia.wdm.WebDriverManager.openGitHubConnection(WebDriverManager.java:1316)
at io.github.bonigarcia.wdm.WebDriverManager.getDriversFromGitHub(WebDriverManager.java:1330)
at io.github.bonigarcia.wdm.managers.FirefoxDriverManager.getDriverUrls(FirefoxDriverManager.java:95)
at io.github.bonigarcia.wdm.WebDriverManager.createUrlHandler(WebDriverManager.java:1161)
at io.github.bonigarcia.wdm.WebDriverManager.download(WebDriverManager.java:1009)
at io.github.bonigarcia.wdm.WebDriverManager.manage(WebDriverManager.java:927)
... 57 more
... Removed 36 stack frames]]>
    </failure>
  </testcase> <!-- @BeforeMethod goToMainPage -->
  <testcase classname="tests.SmallLoanCalculatorTest" name="@BeforeMethod goSmallLoanPage" time="-1.655727103335E9">
    <skipped/>
  </testcase> <!-- @BeforeMethod goSmallLoanPage -->
  <testcase classname="core.Settings" name="@AfterMethod screenshot" time="0.0">
    <failure type="java.lang.IllegalStateException" message="No webdriver is bound to current thread: 1. You need to call open(url) first.">
      <![CDATA[java.lang.IllegalStateException: No webdriver is bound to current thread: 1. You need to call open(url) first.
at com.codeborne.selenide.impl.WebDriverThreadLocalContainer.getWebDriver(WebDriverThreadLocalContainer.java:121)
at com.codeborne.selenide.WebDriverRunner.getWebDriver(WebDriverRunner.java:87)
at core.Settings.screenshot(Settings.java:36)
at java.base/java.util.ArrayList.forEach(ArrayList.java:1541)
... Removed 37 stack frames]]>
    </failure>
  </testcase> <!-- @AfterMethod screenshot -->
  <testcase classname="core.Settings" name="@BeforeMethod goToMainPage" time="0.766">
    <failure type="io.github.bonigarcia.wdm.config.WebDriverManagerException" message="io.github.bonigarcia.wdm.config.WebDriverManagerException: Error HTTP 403 executing https://api.github.com/repos/mozilla/geckodriver/releases">
      <![CDATA[io.github.bonigarcia.wdm.config.WebDriverManagerException: io.github.bonigarcia.wdm.config.WebDriverManagerException: Error HTTP 403 executing https://api.github.com/repos/mozilla/geckodriver/releases
at io.github.bonigarcia.wdm.WebDriverManager.handleException(WebDriverManager.java:1140)
at io.github.bonigarcia.wdm.WebDriverManager.manage(WebDriverManager.java:933)
at io.github.bonigarcia.wdm.WebDriverManager.fallback(WebDriverManager.java:1156)
at io.github.bonigarcia.wdm.WebDriverManager.handleException(WebDriverManager.java:1133)
at io.github.bonigarcia.wdm.WebDriverManager.manage(WebDriverManager.java:933)
at io.github.bonigarcia.wdm.WebDriverManager.setup(WebDriverManager.java:337)
at com.codeborne.selenide.webdriver.FirefoxDriverFactory.setupWebdriverBinary(FirefoxDriverFactory.java:37)
at com.codeborne.selenide.webdriver.WebDriverFactory.createWebDriverInstance(WebDriverFactory.java:109)
at com.codeborne.selenide.webdriver.WebDriverFactory.createWebDriver(WebDriverFactory.java:72)
at com.codeborne.selenide.drivercommands.CreateDriverCommand.createDriver(CreateDriverCommand.java:69)
at com.codeborne.selenide.impl.WebDriverThreadLocalContainer.createDriver(WebDriverThreadLocalContainer.java:153)
at com.codeborne.selenide.impl.WebDriverThreadLocalContainer.getAndCheckWebDriver(WebDriverThreadLocalContainer.java:139)
at com.codeborne.selenide.WebDriverRunner.getAndCheckWebDriver(WebDriverRunner.java:105)
at com.codeborne.selenide.impl.StaticDriver.getAndCheckWebDriver(StaticDriver.java:65)
at com.codeborne.selenide.SelenideDriver.getAndCheckWebDriver(SelenideDriver.java:192)
at com.codeborne.selenide.drivercommands.Navigator.lambda$navigateTo$0(Navigator.java:68)
at com.codeborne.selenide.logevents.SelenideLogger.run(SelenideLogger.java:152)
at com.codeborne.selenide.drivercommands.Navigator.navigateTo(Navigator.java:66)
at com.codeborne.selenide.drivercommands.Navigator.open(Navigator.java:30)
at com.codeborne.selenide.SelenideDriver.open(SelenideDriver.java:87)
at com.codeborne.selenide.Selenide.open(Selenide.java:51)
at core.Settings.goToMainPage(Settings.java:24)
at java.base/java.util.ArrayList.forEach(ArrayList.java:1541)
Caused by: io.github.bonigarcia.wdm.config.WebDriverManagerException: Error HTTP 403 executing https://api.github.com/repos/mozilla/geckodriver/releases
at io.github.bonigarcia.wdm.online.HttpClient.execute(HttpClient.java:172)
at io.github.bonigarcia.wdm.WebDriverManager.openGitHubConnection(WebDriverManager.java:1316)
at io.github.bonigarcia.wdm.WebDriverManager.getDriversFromGitHub(WebDriverManager.java:1330)
at io.github.bonigarcia.wdm.managers.FirefoxDriverManager.getDriverUrls(FirefoxDriverManager.java:95)
at io.github.bonigarcia.wdm.WebDriverManager.createUrlHandler(WebDriverManager.java:1161)
at io.github.bonigarcia.wdm.WebDriverManager.download(WebDriverManager.java:1009)
at io.github.bonigarcia.wdm.WebDriverManager.manage(WebDriverManager.java:927)
... 57 more
... Removed 36 stack frames]]>
    </failure>
  </testcase> <!-- @BeforeMethod goToMainPage -->
  <testcase classname="tests.SmallLoanCalculatorTest" name="@BeforeMethod goSmallLoanPage" time="-1.655727104166E9">
    <skipped/>
  </testcase> <!-- @BeforeMethod goSmallLoanPage -->
  <testcase classname="core.Settings" name="@AfterMethod screenshot" time="0.0">
    <failure type="java.lang.IllegalStateException" message="No webdriver is bound to current thread: 1. You need to call open(url) first.">
      <![CDATA[java.lang.IllegalStateException: No webdriver is bound to current thread: 1. You need to call open(url) first.
at com.codeborne.selenide.impl.WebDriverThreadLocalContainer.getWebDriver(WebDriverThreadLocalContainer.java:121)
at com.codeborne.selenide.WebDriverRunner.getWebDriver(WebDriverRunner.java:87)
at core.Settings.screenshot(Settings.java:36)
at java.base/java.util.ArrayList.forEach(ArrayList.java:1541)
... Removed 37 stack frames]]>
    </failure>
  </testcase> <!-- @AfterMethod screenshot -->
  <testcase classname="core.Settings" name="@BeforeMethod goToMainPage" time="0.739">
    <failure type="io.github.bonigarcia.wdm.config.WebDriverManagerException" message="io.github.bonigarcia.wdm.config.WebDriverManagerException: Error HTTP 403 executing https://api.github.com/repos/mozilla/geckodriver/releases">
      <![CDATA[io.github.bonigarcia.wdm.config.WebDriverManagerException: io.github.bonigarcia.wdm.config.WebDriverManagerException: Error HTTP 403 executing https://api.github.com/repos/mozilla/geckodriver/releases
at io.github.bonigarcia.wdm.WebDriverManager.handleException(WebDriverManager.java:1140)
at io.github.bonigarcia.wdm.WebDriverManager.manage(WebDriverManager.java:933)
at io.github.bonigarcia.wdm.WebDriverManager.fallback(WebDriverManager.java:1156)
at io.github.bonigarcia.wdm.WebDriverManager.handleException(WebDriverManager.java:1133)
at io.github.bonigarcia.wdm.WebDriverManager.manage(WebDriverManager.java:933)
at io.github.bonigarcia.wdm.WebDriverManager.setup(WebDriverManager.java:337)
at com.codeborne.selenide.webdriver.FirefoxDriverFactory.setupWebdriverBinary(FirefoxDriverFactory.java:37)
at com.codeborne.selenide.webdriver.WebDriverFactory.createWebDriverInstance(WebDriverFactory.java:109)
at com.codeborne.selenide.webdriver.WebDriverFactory.createWebDriver(WebDriverFactory.java:72)
at com.codeborne.selenide.drivercommands.CreateDriverCommand.createDriver(CreateDriverCommand.java:69)
at com.codeborne.selenide.impl.WebDriverThreadLocalContainer.createDriver(WebDriverThreadLocalContainer.java:153)
at com.codeborne.selenide.impl.WebDriverThreadLocalContainer.getAndCheckWebDriver(WebDriverThreadLocalContainer.java:139)
at com.codeborne.selenide.WebDriverRunner.getAndCheckWebDriver(WebDriverRunner.java:105)
at com.codeborne.selenide.impl.StaticDriver.getAndCheckWebDriver(StaticDriver.java:65)
at com.codeborne.selenide.SelenideDriver.getAndCheckWebDriver(SelenideDriver.java:192)
at com.codeborne.selenide.drivercommands.Navigator.lambda$navigateTo$0(Navigator.java:68)
at com.codeborne.selenide.logevents.SelenideLogger.run(SelenideLogger.java:152)
at com.codeborne.selenide.drivercommands.Navigator.navigateTo(Navigator.java:66)
at com.codeborne.selenide.drivercommands.Navigator.open(Navigator.java:30)
at com.codeborne.selenide.SelenideDriver.open(SelenideDriver.java:87)
at com.codeborne.selenide.Selenide.open(Selenide.java:51)
at core.Settings.goToMainPage(Settings.java:24)
at java.base/java.util.ArrayList.forEach(ArrayList.java:1541)
Caused by: io.github.bonigarcia.wdm.config.WebDriverManagerException: Error HTTP 403 executing https://api.github.com/repos/mozilla/geckodriver/releases
at io.github.bonigarcia.wdm.online.HttpClient.execute(HttpClient.java:172)
at io.github.bonigarcia.wdm.WebDriverManager.openGitHubConnection(WebDriverManager.java:1316)
at io.github.bonigarcia.wdm.WebDriverManager.getDriversFromGitHub(WebDriverManager.java:1330)
at io.github.bonigarcia.wdm.managers.FirefoxDriverManager.getDriverUrls(FirefoxDriverManager.java:95)
at io.github.bonigarcia.wdm.WebDriverManager.createUrlHandler(WebDriverManager.java:1161)
at io.github.bonigarcia.wdm.WebDriverManager.download(WebDriverManager.java:1009)
at io.github.bonigarcia.wdm.WebDriverManager.manage(WebDriverManager.java:927)
... 57 more
... Removed 36 stack frames]]>
    </failure>
  </testcase> <!-- @BeforeMethod goToMainPage -->
  <testcase classname="tests.SmallLoanCalculatorTest" name="@BeforeMethod goSmallLoanPage" time="-1.655727104905E9">
    <skipped/>
  </testcase> <!-- @BeforeMethod goSmallLoanPage -->
  <testcase classname="core.Settings" name="@AfterMethod screenshot" time="0.0">
    <failure type="java.lang.IllegalStateException" message="No webdriver is bound to current thread: 1. You need to call open(url) first.">
      <![CDATA[java.lang.IllegalStateException: No webdriver is bound to current thread: 1. You need to call open(url) first.
at com.codeborne.selenide.impl.WebDriverThreadLocalContainer.getWebDriver(WebDriverThreadLocalContainer.java:121)
at com.codeborne.selenide.WebDriverRunner.getWebDriver(WebDriverRunner.java:87)
at core.Settings.screenshot(Settings.java:36)
at java.base/java.util.ArrayList.forEach(ArrayList.java:1541)
... Removed 37 stack frames]]>
    </failure>
  </testcase> <!-- @AfterMethod screenshot -->
  <testcase classname="core.Settings" name="@BeforeMethod goToMainPage" time="0.75">
    <failure type="io.github.bonigarcia.wdm.config.WebDriverManagerException" message="io.github.bonigarcia.wdm.config.WebDriverManagerException: Error HTTP 403 executing https://api.github.com/repos/mozilla/geckodriver/releases">
      <![CDATA[io.github.bonigarcia.wdm.config.WebDriverManagerException: io.github.bonigarcia.wdm.config.WebDriverManagerException: Error HTTP 403 executing https://api.github.com/repos/mozilla/geckodriver/releases
at io.github.bonigarcia.wdm.WebDriverManager.handleException(WebDriverManager.java:1140)
at io.github.bonigarcia.wdm.WebDriverManager.manage(WebDriverManager.java:933)
at io.github.bonigarcia.wdm.WebDriverManager.fallback(WebDriverManager.java:1156)
at io.github.bonigarcia.wdm.WebDriverManager.handleException(WebDriverManager.java:1133)
at io.github.bonigarcia.wdm.WebDriverManager.manage(WebDriverManager.java:933)
at io.github.bonigarcia.wdm.WebDriverManager.setup(WebDriverManager.java:337)
at com.codeborne.selenide.webdriver.FirefoxDriverFactory.setupWebdriverBinary(FirefoxDriverFactory.java:37)
at com.codeborne.selenide.webdriver.WebDriverFactory.createWebDriverInstance(WebDriverFactory.java:109)
at com.codeborne.selenide.webdriver.WebDriverFactory.createWebDriver(WebDriverFactory.java:72)
at com.codeborne.selenide.drivercommands.CreateDriverCommand.createDriver(CreateDriverCommand.java:69)
at com.codeborne.selenide.impl.WebDriverThreadLocalContainer.createDriver(WebDriverThreadLocalContainer.java:153)
at com.codeborne.selenide.impl.WebDriverThreadLocalContainer.getAndCheckWebDriver(WebDriverThreadLocalContainer.java:139)
at com.codeborne.selenide.WebDriverRunner.getAndCheckWebDriver(WebDriverRunner.java:105)
at com.codeborne.selenide.impl.StaticDriver.getAndCheckWebDriver(StaticDriver.java:65)
at com.codeborne.selenide.SelenideDriver.getAndCheckWebDriver(SelenideDriver.java:192)
at com.codeborne.selenide.drivercommands.Navigator.lambda$navigateTo$0(Navigator.java:68)
at com.codeborne.selenide.logevents.SelenideLogger.run(SelenideLogger.java:152)
at com.codeborne.selenide.drivercommands.Navigator.navigateTo(Navigator.java:66)
at com.codeborne.selenide.drivercommands.Navigator.open(Navigator.java:30)
at com.codeborne.selenide.SelenideDriver.open(SelenideDriver.java:87)
at com.codeborne.selenide.Selenide.open(Selenide.java:51)
at core.Settings.goToMainPage(Settings.java:24)
at java.base/java.util.ArrayList.forEach(ArrayList.java:1541)
Caused by: io.github.bonigarcia.wdm.config.WebDriverManagerException: Error HTTP 403 executing https://api.github.com/repos/mozilla/geckodriver/releases
at io.github.bonigarcia.wdm.online.HttpClient.execute(HttpClient.java:172)
at io.github.bonigarcia.wdm.WebDriverManager.openGitHubConnection(WebDriverManager.java:1316)
at io.github.bonigarcia.wdm.WebDriverManager.getDriversFromGitHub(WebDriverManager.java:1330)
at io.github.bonigarcia.wdm.managers.FirefoxDriverManager.getDriverUrls(FirefoxDriverManager.java:95)
at io.github.bonigarcia.wdm.WebDriverManager.createUrlHandler(WebDriverManager.java:1161)
at io.github.bonigarcia.wdm.WebDriverManager.download(WebDriverManager.java:1009)
at io.github.bonigarcia.wdm.WebDriverManager.manage(WebDriverManager.java:927)
... 57 more
... Removed 36 stack frames]]>
    </failure>
  </testcase> <!-- @BeforeMethod goToMainPage -->
  <testcase classname="tests.SmallLoanCalculatorTest" name="@BeforeMethod goSmallLoanPage" time="-1.655727105686E9">
    <skipped/>
  </testcase> <!-- @BeforeMethod goSmallLoanPage -->
  <testcase classname="core.Settings" name="@AfterMethod screenshot" time="0.0">
    <failure type="java.lang.IllegalStateException" message="No webdriver is bound to current thread: 1. You need to call open(url) first.">
      <![CDATA[java.lang.IllegalStateException: No webdriver is bound to current thread: 1. You need to call open(url) first.
at com.codeborne.selenide.impl.WebDriverThreadLocalContainer.getWebDriver(WebDriverThreadLocalContainer.java:121)
at com.codeborne.selenide.WebDriverRunner.getWebDriver(WebDriverRunner.java:87)
at core.Settings.screenshot(Settings.java:36)
at java.base/java.util.ArrayList.forEach(ArrayList.java:1541)
... Removed 37 stack frames]]>
    </failure>
  </testcase> <!-- @AfterMethod screenshot -->
  <testcase classname="tests.SmallLoanCalculatorTest" name="checkChooseLoanSumSlider" time="0.0">
    <skipped/>
  </testcase> <!-- checkChooseLoanSumSlider -->
  <testcase classname="tests.SmallLoanCalculatorTest" name="checkLoanSumFieldCapacity" time="0.0">
    <skipped/>
  </testcase> <!-- checkLoanSumFieldCapacity -->
  <testcase classname="tests.SmallLoanCalculatorTest" name="checkSumOverSliderAfterMove" time="0.0">
    <skipped/>
  </testcase> <!-- checkSumOverSliderAfterMove -->
  <testcase classname="tests.SmallLoanCalculatorTest" name="checkThatAgreementFeeChanges" time="0.0">
    <skipped/>
  </testcase> <!-- checkThatAgreementFeeChanges -->
  <testcase classname="tests.SmallLoanCalculatorTest" name="checkThatLoanTermSliderWorks" time="0.0">
    <skipped/>
  </testcase> <!-- checkThatLoanTermSliderWorks -->
  <testcase classname="tests.SmallLoanCalculatorTest" name="checkThatMonthlyPaymentChanges" time="0.0">
    <skipped/>
  </testcase> <!-- checkThatMonthlyPaymentChanges -->
  <testcase classname="tests.SmallLoanCalculatorTest" name="checkZeroInLoanSumField" time="0.0">
    <skipped/>
  </testcase> <!-- checkZeroInLoanSumField -->
</testsuite> <!-- Surefire test -->
