<?xml version="1.0" encoding="UTF-8"?>
<!-- Generated by org.testng.reporters.JUnitXMLReporter -->
<testsuite ignored="0" hostname="WIN-FNF9AQIK9ER" failures="0" tests="7" name="Swedbank" time="12.45" errors="0" timestamp="2022-06-20T17:34:45 MSK">
  <testcase classname="tests.SmallLoanCalculatorTest" name="checkLoanSumFieldCapacity" time="0.464"/>
  <testcase classname="tests.SmallLoanCalculatorTest" name="checkThatLoanTermSliderWorks" time="1.079"/>
  <testcase classname="tests.SmallLoanCalculatorTest" name="checkThatMonthlyPaymentChanges" time="0.538"/>
  <testcase classname="tests.SmallLoanCalculatorTest" name="checkChooseLoanSumSlider" time="0.957"/>
  <testcase classname="tests.SmallLoanCalculatorTest" name="checkZeroInLoanSumField" time="0.742"/>
  <testcase classname="tests.SmallLoanCalculatorTest" name="checkThatAgreementFeeChanges" time="0.83"/>
  <testcase classname="tests.SmallLoanCalculatorTest" name="checkSumOverSliderAfterMove" time="0.785"/>
</testsuite> <!-- Swedbank -->
