-------------------------------------------------------------------------------
Test set: tests.SmallLoanCalculatorTest
-------------------------------------------------------------------------------
Tests run: 28, Failures: 14, Errors: 0, Skipped: 14, Time elapsed: 7.299 s <<< FAILURE! - in tests.SmallLoanCalculatorTest
goToMainPage(tests.SmallLoanCalculatorTest)  Time elapsed: 2.491 s  <<< FAILURE!
io.github.bonigarcia.wdm.config.WebDriverManagerException: io.github.bonigarcia.wdm.config.WebDriverManagerException: Error HTTP 403 executing https://api.github.com/repos/mozilla/geckodriver/releases
Caused by: io.github.bonigarcia.wdm.config.WebDriverManagerException: Error HTTP 403 executing https://api.github.com/repos/mozilla/geckodriver/releases

screenshot(tests.SmallLoanCalculatorTest)  Time elapsed: 0 s  <<< FAILURE!
java.lang.IllegalStateException: No webdriver is bound to current thread: 1. You need to call open(url) first.

goToMainPage(tests.SmallLoanCalculatorTest)  Time elapsed: 0.775 s  <<< FAILURE!
io.github.bonigarcia.wdm.config.WebDriverManagerException: io.github.bonigarcia.wdm.config.WebDriverManagerException: Error HTTP 403 executing https://api.github.com/repos/mozilla/geckodriver/releases
Caused by: io.github.bonigarcia.wdm.config.WebDriverManagerException: Error HTTP 403 executing https://api.github.com/repos/mozilla/geckodriver/releases

screenshot(tests.SmallLoanCalculatorTest)  Time elapsed: 0 s  <<< FAILURE!
java.lang.IllegalStateException: No webdriver is bound to current thread: 1. You need to call open(url) first.

goToMainPage(tests.SmallLoanCalculatorTest)  Time elapsed: 0.735 s  <<< FAILURE!
io.github.bonigarcia.wdm.config.WebDriverManagerException: io.github.bonigarcia.wdm.config.WebDriverManagerException: Error HTTP 403 executing https://api.github.com/repos/mozilla/geckodriver/releases
Caused by: io.github.bonigarcia.wdm.config.WebDriverManagerException: Error HTTP 403 executing https://api.github.com/repos/mozilla/geckodriver/releases

screenshot(tests.SmallLoanCalculatorTest)  Time elapsed: 0 s  <<< FAILURE!
java.lang.IllegalStateException: No webdriver is bound to current thread: 1. You need to call open(url) first.

goToMainPage(tests.SmallLoanCalculatorTest)  Time elapsed: 0.775 s  <<< FAILURE!
io.github.bonigarcia.wdm.config.WebDriverManagerException: io.github.bonigarcia.wdm.config.WebDriverManagerException: Error HTTP 403 executing https://api.github.com/repos/mozilla/geckodriver/releases
Caused by: io.github.bonigarcia.wdm.config.WebDriverManagerException: Error HTTP 403 executing https://api.github.com/repos/mozilla/geckodriver/releases

screenshot(tests.SmallLoanCalculatorTest)  Time elapsed: 0 s  <<< FAILURE!
java.lang.IllegalStateException: No webdriver is bound to current thread: 1. You need to call open(url) first.

goToMainPage(tests.SmallLoanCalculatorTest)  Time elapsed: 0.799 s  <<< FAILURE!
io.github.bonigarcia.wdm.config.WebDriverManagerException: io.github.bonigarcia.wdm.config.WebDriverManagerException: Error HTTP 403 executing https://api.github.com/repos/mozilla/geckodriver/releases
Caused by: io.github.bonigarcia.wdm.config.WebDriverManagerException: Error HTTP 403 executing https://api.github.com/repos/mozilla/geckodriver/releases

screenshot(tests.SmallLoanCalculatorTest)  Time elapsed: 0 s  <<< FAILURE!
java.lang.IllegalStateException: No webdriver is bound to current thread: 1. You need to call open(url) first.

goToMainPage(tests.SmallLoanCalculatorTest)  Time elapsed: 0.739 s  <<< FAILURE!
io.github.bonigarcia.wdm.config.WebDriverManagerException: io.github.bonigarcia.wdm.config.WebDriverManagerException: Error HTTP 403 executing https://api.github.com/repos/mozilla/geckodriver/releases
Caused by: io.github.bonigarcia.wdm.config.WebDriverManagerException: Error HTTP 403 executing https://api.github.com/repos/mozilla/geckodriver/releases

screenshot(tests.SmallLoanCalculatorTest)  Time elapsed: 0.016 s  <<< FAILURE!
java.lang.IllegalStateException: No webdriver is bound to current thread: 1. You need to call open(url) first.

goToMainPage(tests.SmallLoanCalculatorTest)  Time elapsed: 0.766 s  <<< FAILURE!
io.github.bonigarcia.wdm.config.WebDriverManagerException: io.github.bonigarcia.wdm.config.WebDriverManagerException: Error HTTP 403 executing https://api.github.com/repos/mozilla/geckodriver/releases
Caused by: io.github.bonigarcia.wdm.config.WebDriverManagerException: Error HTTP 403 executing https://api.github.com/repos/mozilla/geckodriver/releases

screenshot(tests.SmallLoanCalculatorTest)  Time elapsed: 0 s  <<< FAILURE!
java.lang.IllegalStateException: No webdriver is bound to current thread: 1. You need to call open(url) first.

