<?xml version="1.0" encoding="UTF-8"?>
<testng-results ignored="0" total="7" passed="7" failed="0" skipped="0">
  <reporter-output>
  </reporter-output>
  <suite started-at="2022-06-20T17:34:32 MSK" name="GUI" finished-at="2022-06-20T17:34:45 MSK" duration-ms="12450">
    <groups>
      <group name="Small Loan Calculator">
        <method signature="SmallLoanCalculatorTest.checkChooseLoanSumSlider()[pri:0, instance:tests.SmallLoanCalculatorTest@3e906375]" name="checkChooseLoanSumSlider" class="tests.SmallLoanCalculatorTest"/>
        <method signature="SmallLoanCalculatorTest.checkLoanSumFieldCapacity()[pri:0, instance:tests.SmallLoanCalculatorTest@3e906375]" name="checkLoanSumFieldCapacity" class="tests.SmallLoanCalculatorTest"/>
        <method signature="SmallLoanCalculatorTest.checkSumOverSliderAfterMove()[pri:0, instance:tests.SmallLoanCalculatorTest@3e906375]" name="checkSumOverSliderAfterMove" class="tests.SmallLoanCalculatorTest"/>
        <method signature="SmallLoanCalculatorTest.checkThatAgreementFeeChanges()[pri:0, instance:tests.SmallLoanCalculatorTest@3e906375]" name="checkThatAgreementFeeChanges" class="tests.SmallLoanCalculatorTest"/>
        <method signature="SmallLoanCalculatorTest.checkThatLoanTermSliderWorks()[pri:0, instance:tests.SmallLoanCalculatorTest@3e906375]" name="checkThatLoanTermSliderWorks" class="tests.SmallLoanCalculatorTest"/>
        <method signature="SmallLoanCalculatorTest.checkThatMonthlyPaymentChanges()[pri:0, instance:tests.SmallLoanCalculatorTest@3e906375]" name="checkThatMonthlyPaymentChanges" class="tests.SmallLoanCalculatorTest"/>
        <method signature="SmallLoanCalculatorTest.checkZeroInLoanSumField()[pri:0, instance:tests.SmallLoanCalculatorTest@3e906375]" name="checkZeroInLoanSumField" class="tests.SmallLoanCalculatorTest"/>
      </group> <!-- Small Loan Calculator -->
    </groups>
    <test started-at="2022-06-20T17:34:32 MSK" name="Swedbank" finished-at="2022-06-20T17:34:45 MSK" duration-ms="12450">
      <class name="tests.SmallLoanCalculatorTest">
        <test-method is-config="true" signature="webDriverSetup()[pri:0, instance:tests.SmallLoanCalculatorTest@3e906375]" started-at="2022-06-20T17:34:32 MSK" name="webDriverSetup" finished-at="2022-06-20T17:34:42 MSK" duration-ms="9978" status="PASS">
          <reporter-output>
          </reporter-output>
        </test-method> <!-- webDriverSetup -->
        <test-method is-config="true" signature="webDriverSetup()[pri:0, instance:tests.SmallLoanCalculatorTest@3e906375]" started-at="2022-06-20T17:34:32 MSK" name="webDriverSetup" finished-at="2022-06-20T17:34:42 MSK" duration-ms="9555" status="PASS">
          <reporter-output>
          </reporter-output>
        </test-method> <!-- webDriverSetup -->
        <test-method is-config="true" signature="webDriverSetup()[pri:0, instance:tests.SmallLoanCalculatorTest@3e906375]" started-at="2022-06-20T17:34:32 MSK" name="webDriverSetup" finished-at="2022-06-20T17:34:42 MSK" duration-ms="9036" status="PASS">
          <reporter-output>
          </reporter-output>
        </test-method> <!-- webDriverSetup -->
        <test-method is-config="true" signature="webDriverSetup()[pri:0, instance:tests.SmallLoanCalculatorTest@3e906375]" started-at="2022-06-20T17:34:32 MSK" name="webDriverSetup" finished-at="2022-06-20T17:34:42 MSK" duration-ms="9523" status="PASS">
          <reporter-output>
          </reporter-output>
        </test-method> <!-- webDriverSetup -->
        <test-method is-config="true" signature="webDriverSetup()[pri:0, instance:tests.SmallLoanCalculatorTest@3e906375]" started-at="2022-06-20T17:34:32 MSK" name="webDriverSetup" finished-at="2022-06-20T17:34:42 MSK" duration-ms="9641" status="PASS">
          <reporter-output>
          </reporter-output>
        </test-method> <!-- webDriverSetup -->
        <test-method is-config="true" signature="webDriverSetup()[pri:0, instance:tests.SmallLoanCalculatorTest@3e906375]" started-at="2022-06-20T17:34:32 MSK" name="webDriverSetup" finished-at="2022-06-20T17:34:42 MSK" duration-ms="9490" status="PASS">
          <reporter-output>
          </reporter-output>
        </test-method> <!-- webDriverSetup -->
        <test-method is-config="true" signature="webDriverSetup()[pri:0, instance:tests.SmallLoanCalculatorTest@3e906375]" started-at="2022-06-20T17:34:32 MSK" name="webDriverSetup" finished-at="2022-06-20T17:34:42 MSK" duration-ms="9018" status="PASS">
          <reporter-output>
          </reporter-output>
        </test-method> <!-- webDriverSetup -->
        <test-method is-config="true" signature="goSmallLoanPage()[pri:0, instance:tests.SmallLoanCalculatorTest@3e906375]" started-at="2022-06-20T17:34:42 MSK" name="goSmallLoanPage" finished-at="2022-06-20T17:34:43 MSK" duration-ms="1145" status="PASS">
          <reporter-output>
          </reporter-output>
        </test-method> <!-- goSmallLoanPage -->
        <test-method is-config="true" signature="goSmallLoanPage()[pri:0, instance:tests.SmallLoanCalculatorTest@3e906375]" started-at="2022-06-20T17:34:42 MSK" name="goSmallLoanPage" finished-at="2022-06-20T17:34:44 MSK" duration-ms="1880" status="PASS">
          <reporter-output>
          </reporter-output>
        </test-method> <!-- goSmallLoanPage -->
        <test-method is-config="true" signature="goSmallLoanPage()[pri:0, instance:tests.SmallLoanCalculatorTest@3e906375]" started-at="2022-06-20T17:34:42 MSK" name="goSmallLoanPage" finished-at="2022-06-20T17:34:43 MSK" duration-ms="1418" status="PASS">
          <reporter-output>
          </reporter-output>
        </test-method> <!-- goSmallLoanPage -->
        <test-method is-config="true" signature="goSmallLoanPage()[pri:0, instance:tests.SmallLoanCalculatorTest@3e906375]" started-at="2022-06-20T17:34:42 MSK" name="goSmallLoanPage" finished-at="2022-06-20T17:34:43 MSK" duration-ms="1225" status="PASS">
          <reporter-output>
          </reporter-output>
        </test-method> <!-- goSmallLoanPage -->
        <test-method is-config="true" signature="goSmallLoanPage()[pri:0, instance:tests.SmallLoanCalculatorTest@3e906375]" started-at="2022-06-20T17:34:42 MSK" name="goSmallLoanPage" finished-at="2022-06-20T17:34:43 MSK" duration-ms="1095" status="PASS">
          <reporter-output>
          </reporter-output>
        </test-method> <!-- goSmallLoanPage -->
        <test-method is-config="true" signature="goSmallLoanPage()[pri:0, instance:tests.SmallLoanCalculatorTest@3e906375]" started-at="2022-06-20T17:34:42 MSK" name="goSmallLoanPage" finished-at="2022-06-20T17:34:44 MSK" duration-ms="1379" status="PASS">
          <reporter-output>
          </reporter-output>
        </test-method> <!-- goSmallLoanPage -->
        <test-method is-config="true" signature="goSmallLoanPage()[pri:0, instance:tests.SmallLoanCalculatorTest@3e906375]" started-at="2022-06-20T17:34:42 MSK" name="goSmallLoanPage" finished-at="2022-06-20T17:34:44 MSK" duration-ms="1357" status="PASS">
          <reporter-output>
          </reporter-output>
        </test-method> <!-- goSmallLoanPage -->
        <test-method signature="checkThatLoanTermSliderWorks()[pri:0, instance:tests.SmallLoanCalculatorTest@3e906375]" started-at="2022-06-20T17:34:43 MSK" name="checkThatLoanTermSliderWorks" description="Test-case #5: Check that “Choose loan term” slider works correctly" finished-at="2022-06-20T17:34:44 MSK" duration-ms="1079" status="PASS">
          <reporter-output>
          </reporter-output>
        </test-method> <!-- checkThatLoanTermSliderWorks -->
        <test-method signature="checkChooseLoanSumSlider()[pri:0, instance:tests.SmallLoanCalculatorTest@3e906375]" started-at="2022-06-20T17:34:43 MSK" name="checkChooseLoanSumSlider" description="Test-case #1: Check that “Choose loan sum” slider works correctly" finished-at="2022-06-20T17:34:44 MSK" duration-ms="957" status="PASS">
          <reporter-output>
          </reporter-output>
        </test-method> <!-- checkChooseLoanSumSlider -->
        <test-method signature="checkLoanSumFieldCapacity()[pri:0, instance:tests.SmallLoanCalculatorTest@3e906375]" started-at="2022-06-20T17:34:43 MSK" name="checkLoanSumFieldCapacity" description="Test-case #2: Check that you cannot type more than 20 000 in “Choose loan sum” field" finished-at="2022-06-20T17:34:44 MSK" duration-ms="464" status="PASS">
          <reporter-output>
          </reporter-output>
        </test-method> <!-- checkLoanSumFieldCapacity -->
        <test-method signature="checkZeroInLoanSumField()[pri:0, instance:tests.SmallLoanCalculatorTest@3e906375]" started-at="2022-06-20T17:34:43 MSK" name="checkZeroInLoanSumField" description="Test-case #3: Check that you cannot get 0 Euro for loan" finished-at="2022-06-20T17:34:44 MSK" duration-ms="742" status="PASS">
          <reporter-output>
          </reporter-output>
        </test-method> <!-- checkZeroInLoanSumField -->
        <test-method signature="checkThatAgreementFeeChanges()[pri:0, instance:tests.SmallLoanCalculatorTest@3e906375]" started-at="2022-06-20T17:34:44 MSK" name="checkThatAgreementFeeChanges" description="Test-case #6: Check that “Agreement fee” changes correctly" finished-at="2022-06-20T17:34:44 MSK" duration-ms="830" status="PASS">
          <reporter-output>
          </reporter-output>
        </test-method> <!-- checkThatAgreementFeeChanges -->
        <test-method signature="checkThatMonthlyPaymentChanges()[pri:0, instance:tests.SmallLoanCalculatorTest@3e906375]" started-at="2022-06-20T17:34:44 MSK" name="checkThatMonthlyPaymentChanges" description="Test-case #4: Check that monthly payment changes when you change loan sum" finished-at="2022-06-20T17:34:44 MSK" duration-ms="538" status="PASS">
          <reporter-output>
          </reporter-output>
        </test-method> <!-- checkThatMonthlyPaymentChanges -->
        <test-method is-config="true" signature="screenshot()[pri:0, instance:tests.SmallLoanCalculatorTest@3e906375]" started-at="2022-06-20T17:34:44 MSK" name="screenshot" finished-at="2022-06-20T17:34:44 MSK" duration-ms="301" status="PASS">
          <reporter-output>
          </reporter-output>
        </test-method> <!-- screenshot -->
        <test-method signature="checkSumOverSliderAfterMove()[pri:0, instance:tests.SmallLoanCalculatorTest@3e906375]" started-at="2022-06-20T17:34:44 MSK" name="checkSumOverSliderAfterMove" description="Test-case #7: Check that slider moves when you change loan sum manually" finished-at="2022-06-20T17:34:45 MSK" duration-ms="785" status="PASS">
          <reporter-output>
          </reporter-output>
        </test-method> <!-- checkSumOverSliderAfterMove -->
        <test-method is-config="true" signature="screenshot()[pri:0, instance:tests.SmallLoanCalculatorTest@3e906375]" started-at="2022-06-20T17:34:44 MSK" name="screenshot" finished-at="2022-06-20T17:34:44 MSK" duration-ms="246" status="PASS">
          <reporter-output>
          </reporter-output>
        </test-method> <!-- screenshot -->
        <test-method is-config="true" signature="tearDown()[pri:0, instance:tests.SmallLoanCalculatorTest@3e906375]" started-at="2022-06-20T17:34:44 MSK" name="tearDown" finished-at="2022-06-20T17:34:44 MSK" duration-ms="221" status="PASS">
          <reporter-output>
          </reporter-output>
        </test-method> <!-- tearDown -->
        <test-method is-config="true" signature="screenshot()[pri:0, instance:tests.SmallLoanCalculatorTest@3e906375]" started-at="2022-06-20T17:34:44 MSK" name="screenshot" finished-at="2022-06-20T17:34:44 MSK" duration-ms="237" status="PASS">
          <reporter-output>
          </reporter-output>
        </test-method> <!-- screenshot -->
        <test-method is-config="true" signature="tearDown()[pri:0, instance:tests.SmallLoanCalculatorTest@3e906375]" started-at="2022-06-20T17:34:44 MSK" name="tearDown" finished-at="2022-06-20T17:34:44 MSK" duration-ms="240" status="PASS">
          <reporter-output>
          </reporter-output>
        </test-method> <!-- tearDown -->
        <test-method is-config="true" signature="screenshot()[pri:0, instance:tests.SmallLoanCalculatorTest@3e906375]" started-at="2022-06-20T17:34:44 MSK" name="screenshot" finished-at="2022-06-20T17:34:44 MSK" duration-ms="252" status="PASS">
          <reporter-output>
          </reporter-output>
        </test-method> <!-- screenshot -->
        <test-method is-config="true" signature="screenshot()[pri:0, instance:tests.SmallLoanCalculatorTest@3e906375]" started-at="2022-06-20T17:34:44 MSK" name="screenshot" finished-at="2022-06-20T17:34:44 MSK" duration-ms="238" status="PASS">
          <reporter-output>
          </reporter-output>
        </test-method> <!-- screenshot -->
        <test-method is-config="true" signature="tearDown()[pri:0, instance:tests.SmallLoanCalculatorTest@3e906375]" started-at="2022-06-20T17:34:44 MSK" name="tearDown" finished-at="2022-06-20T17:34:45 MSK" duration-ms="257" status="PASS">
          <reporter-output>
          </reporter-output>
        </test-method> <!-- tearDown -->
        <test-method is-config="true" signature="screenshot()[pri:0, instance:tests.SmallLoanCalculatorTest@3e906375]" started-at="2022-06-20T17:34:44 MSK" name="screenshot" finished-at="2022-06-20T17:34:45 MSK" duration-ms="216" status="PASS">
          <reporter-output>
          </reporter-output>
        </test-method> <!-- screenshot -->
        <test-method is-config="true" signature="tearDown()[pri:0, instance:tests.SmallLoanCalculatorTest@3e906375]" started-at="2022-06-20T17:34:44 MSK" name="tearDown" finished-at="2022-06-20T17:34:45 MSK" duration-ms="181" status="PASS">
          <reporter-output>
          </reporter-output>
        </test-method> <!-- tearDown -->
        <test-method is-config="true" signature="tearDown()[pri:0, instance:tests.SmallLoanCalculatorTest@3e906375]" started-at="2022-06-20T17:34:44 MSK" name="tearDown" finished-at="2022-06-20T17:34:45 MSK" duration-ms="187" status="PASS">
          <reporter-output>
          </reporter-output>
        </test-method> <!-- tearDown -->
        <test-method is-config="true" signature="tearDown()[pri:0, instance:tests.SmallLoanCalculatorTest@3e906375]" started-at="2022-06-20T17:34:45 MSK" name="tearDown" finished-at="2022-06-20T17:34:45 MSK" duration-ms="69" status="PASS">
          <reporter-output>
          </reporter-output>
        </test-method> <!-- tearDown -->
        <test-method is-config="true" signature="screenshot()[pri:0, instance:tests.SmallLoanCalculatorTest@3e906375]" started-at="2022-06-20T17:34:45 MSK" name="screenshot" finished-at="2022-06-20T17:34:45 MSK" duration-ms="172" status="PASS">
          <reporter-output>
          </reporter-output>
        </test-method> <!-- screenshot -->
        <test-method is-config="true" signature="tearDown()[pri:0, instance:tests.SmallLoanCalculatorTest@3e906375]" started-at="2022-06-20T17:34:45 MSK" name="tearDown" finished-at="2022-06-20T17:34:45 MSK" duration-ms="63" status="PASS">
          <reporter-output>
          </reporter-output>
        </test-method> <!-- tearDown -->
      </class> <!-- tests.SmallLoanCalculatorTest -->
    </test> <!-- Swedbank -->
  </suite> <!-- GUI -->
</testng-results>
