<?xml version="1.0" encoding="UTF-8"?>
<testsuite xmlns:xsi="http://www.w3.org/2001/XMLSchema-instance" xsi:noNamespaceSchemaLocation="https://maven.apache.org/surefire/maven-surefire-plugin/xsd/surefire-test-report.xsd" name="TestSuite" time="13.9" tests="7" errors="0" skipped="0" failures="0">
  <properties>
[...]
</properties>
  <testcase name="checkLoanSumFieldCapacity" classname="tests.SmallLoanCalculatorTest" time="0.2"/>
  <testcase name="checkThatLoanTermSliderWorks" classname="tests.SmallLoanCalculatorTest" time="0.012"/>
  <testcase name="checkThatMonthlyPaymentChanges" classname="tests.SmallLoanCalculatorTest" time="0.22"/>
  <testcase name="checkChooseLoanSumSlider" classname="tests.SmallLoanCalculatorTest" time="0.269"/>
  <testcase name="checkZeroInLoanSumField" classname="tests.SmallLoanCalculatorTest" time="0.314"/>
  <testcase name="checkThatAgreementFeeChanges" classname="tests.SmallLoanCalculatorTest" time="0.499"/>
  <testcase name="checkSumOverSliderAfterMove" classname="tests.SmallLoanCalculatorTest" time="0.784"/>
</testsuite>